

<!DOCTYPE html>
<html>
<head>
<meta charset="UTF-8">
<meta name="viewport" content="width=device-width, initial-scale=1, shrink-to-fit=no">
<title>Extent Report</title>
<link rel="apple-touch-icon" href="https://cdn.jsdelivr.net/gh/extent-framework/extent-github-cdn@b00a2d0486596e73dd7326beacf352c639623a0e/commons/img/logo.png">
<link rel="shortcut icon" href="https://cdn.jsdelivr.net/gh/extent-framework/extent-github-cdn@b00a2d0486596e73dd7326beacf352c639623a0e/commons/img/logo.png">
<link href="https://cdn.jsdelivr.net/gh/extent-framework/extent-github-cdn@d6562a79075e061305ccfdb82f01e5e195e2d307/spark/css/spark-style.css" rel="stylesheet" />
<link href="https://stackpath.bootstrapcdn.com/font-awesome/4.7.0/css/font-awesome.min.css" rel="stylesheet">
<script src="https://cdn.jsdelivr.net/gh/extent-framework/extent-github-cdn@7cc78ce/spark/js/jsontree.js"></script>
<style type="text/css"></style></head><body class="spa bdd-report dark">
  <div class="app">
    <div class="layout">
<div class="header navbar">
<div class="vheader">
<div class="nav-logo">
<a href="#">
<div class="logo" style="background-image: url('https://cdn.jsdelivr.net/gh/extent-framework/extent-github-cdn@b00a2d0486596e73dd7326beacf352c639623a0e/commons/img/logo.png')"></div>
</a>
</div>
<ul class="nav-left">
<li class="search-box">
<a class="search-toggle" href="#">
<i class="search-icon fa fa-search"></i>
<i class="search-icon-close fa fa-close"></i>
</a>
</li>
<li class="search-input"><input id="search-tests" class="form-control" type="text" placeholder="Search..."></li>
</ul>
<ul class="nav-right">
<li class="m-r-10">
<a href="#"><span class="badge badge-primary">Orange HRM Report</span></a>
</li>
<li class="m-r-10">
<a href="#"><span class="badge badge-primary">Dec 18, 2023 08:28:46 pm</span></a>
</li>
</ul>
</div>
</div><div class="side-nav">
<div class="side-nav-inner">
<ul class="side-nav-menu">
<li class="nav-item dropdown" onclick="toggleView('dashboard-view')">
<a id="nav-dashboard" class="dropdown-toggle" href="#">
<span class="ico"><i class="fa fa-bar-chart"></i></span>
</a>
</li>
<li class="nav-item dropdown" onclick="toggleView('test-view')">
<a id="nav-test" class="dropdown-toggle" href="#">
<span class="ico"><i class="fa fa-list"></i></span>
</a>
</li>
<li class="nav-item dropdown" onclick="toggleView('category-view')">
<a id="nav-category" class="dropdown-toggle" href="#">
<span class="ico"><i class="fa fa-tag"></i></span>
</a>
</li>
<li class="nav-item dropdown" onclick="toggleView('exception-view')">
<a id="nav-exception" class="dropdown-toggle" href="#">
<span class="ico"><i class="fa fa-bug"></i></span>
</a>
</li>
</ul>
</div>
</div>      <div class="vcontainer">
        <div class="main-content">
<div class="container-fluid p-4 view dashboard-view">
<div class="row">
<div class="col-md-3">
<div class="card"><div class="card-body">
<p class="m-b-0">Started</p>
<h3>Dec 18, 2023 08:28:46 pm</h3>
</div></div>
</div>
<div class="col-md-3">
<div class="card"><div class="card-body">
<p class="m-b-0">Ended</p>
<h3>Dec 18, 2023 08:30:43 pm</h3>
</div></div>
</div>
<div class="col-md-3">
<div class="card"><div class="card-body">
<p class="m-b-0 text-pass">Features Passed</p>
<h3>0</h3>
</div></div>
</div>
<div class="col-md-3">
<div class="card"><div class="card-body">
<p class="m-b-0 text-fail">Features Failed</p>
<h3>3</h3>
</div></div>
</div>
</div>
<div class="row">
<div class="col-md-4">
<div class="card">
<div class="card-header">
<h6 class="card-title">Features</h6>
</div>
<div class="card-body">
<div class="">
<canvas id='parent-analysis' width='115' height='90'></canvas>
</div>
</div>
<div class="card-footer">
<div><small data-tooltip='0%'>
<b>0</b> features passed
</small>
</div>
<div>
<small data-tooltip='100%'><b>3</b> features failed,
<b>0</b> skipped, <b data-tooltip='0%'>0</b> others
</small>
</div>
</div>
</div>
</div>
<div class="col-md-4">
<div class="card">
<div class="card-header">
<h6 class="card-title">Scenarios</h6>
</div>
<div class="card-body">
<div class="">
<canvas id='child-analysis' width='115' height='90'></canvas>
</div>
</div>
<div class="card-footer">
<div><small data-tooltip='22%'><b>2</b> scenarios passed</small></div>
<div>
<small data-tooltip='77%'><b>7</b> scenarios failed,
<b>0</b> skipped, <b data-tooltip='%'>0</b> others
</small>
</div>
</div>
</div>
</div>
<div class="col-md-4">
<div class="card">
<div class="card-header">
<h6 class="card-title">Steps</h6>
</div>
<div class="card-body">
<div class="">
<canvas id='grandchild-analysis' width='115' height='90'></canvas>
</div>
</div>
<div class="card-footer">
<div><small data-tooltip='78%'><b>60</b> steps passed</small></div>
<div>
<small data-tooltip='13%'><b>10</b> steps failed,
<b>6</b> skipped, <b data-tooltip='%'>0</b> others
</small>
</div>
</div>
</div>
</div>
</div>
<div class="row"><div class="col-md-12">
<div class="card"><div class="card-header"><p>Timeline</p></div>
<div class="card-body pt-0"><div>
<canvas id="timeline" height="120"></canvas>
</div></div>
</div>
</div></div>
<script>
var timeline = {
"user should be able to verify":14.779,"Add User Test feature":42.736,"Add User Test feature":58.684
};
</script>
<div class="row">
<div class="col-lg-6 col-md-12 category-container">
<div class="card">
<div class="card-header"><p>Tags</p></div>
<div class="card-body pb-0 pt-0"><table class="table table-sm table-bordered">
<thead><tr class="bg-gray"><th>Name</th><th>Passed</th><th>Failed</th><th>Skipped</th><th>Others</th><th>Passed %</th></tr></thead><tbody>
<tr>
<td>@Mahak</td>
<td>2</td>
<td>7</td>
<td>0</td>
<td>0</td>
<td>22.222%</td>
</tr>
<tr>
<td>@regression</td>
<td>2</td>
<td>7</td>
<td>0</td>
<td>0</td>
<td>22.222%</td>
</tr>
<tr>
<td>@smoke</td>
<td>2</td>
<td>2</td>
<td>0</td>
<td>0</td>
<td>50%</td>
</tr>
<tr>
<td>@sanity</td>
<td>1</td>
<td>1</td>
<td>0</td>
<td>0</td>
<td>50%</td>
</tr>
</tbody>
</table></div>
</div>
</div>
<div class="col-lg-6 col-md-12 sysenv-container">
<div class="card">
<div class="card-header"><p>System/Environment</p></div>
<div class="card-body pb-0 pt-0"><table class="table table-sm table-bordered">
<thead><tr class="bg-gray"><th>Name</th><th>Value</th></tr></thead>
<tbody>
<tr>
<td>Engineer</td>
<td>Mahak Agarwal</td>
</tr>
<tr>
<td>Project</td>
<td>Orange HRM</td>
</tr>
<tr>
<td>os</td>
<td>Windows</td>
</tr>
</tbody>
</table></div>
</div>
</div>
</div>
</div>
<script>
var statusGroup = {
parentCount: 5,
passParent: 0,
failParent: 3,
warningParent: 0,
skipParent: 0,
childCount: 5,
passChild: 2,
failChild: 7,
warningChild: 0,
skipChild: 0,
infoChild: 0,
grandChildCount: 5,
passGrandChild: 60,
failGrandChild: 10,
warningGrandChild: 0,
skipGrandChild: 6,
infoGrandChild: 0,
eventsCount: 5,
};
</script><div class="test-wrapper row view test-view">
  <div class="test-list">
    <div class="test-list-tools">
<ul class="tools pull-left">
<li><a href="#"><span class="font-size-14">Tests</span></a></li>
</ul>
<ul class="tools text-right">
<li class="dropdown">
<a href="#" class="dropdown-toggle" data-toggle="dropdown"><i class="fa fa-exclamation-circle"></i></a>
<ul id="status-toggle" class="dropdown-menu dropdown-md p-v-0">
<a class="dropdown-item" status="fail" href="#"><span>Fail</span><span class="status danger"></span></a>
<div class="dropdown-divider"></div>
<a status="clear" class="dropdown-item" href="#"><span>Clear</span><span class="pull-right"><i class="fa fa-close"></i></span></a>
</ul>
</li>
<li class="dropdown">
<a href="#" class="dropdown-toggle" data-toggle="dropdown"><i class="fa fa-tag"></i></a>
<ul id="tag-toggle" class="dropdown-menu dropdown-md p-v-0">
<a class="dropdown-item" href="#">@Mahak</a><a class="dropdown-item" href="#">@regression</a><a class="dropdown-item" href="#">@smoke</a><a class="dropdown-item" href="#">@sanity</a>
</ul>
</li>
</ul>
</div>    <div class="test-list-wrapper scrollable">
      <ul class="test-list-item">
        <li class="test-item"  status="fail" test-id="1"
          author=""
          tag=""
          device="">
          <div class="test-detail">
            <p class="name">user should be able to verify</p>
            <p class="text-sm">
              <span>20:28:47</span> / <span>00:00:14:779</span>
              <span class="badge fail-bg log float-right">Fail</span>
            </p>
          </div>
          <div class="test-contents d-none">
<div class="detail-head">
<div class="p-v-10">
<div class="info">
<h5 class="test-status text-fail">user should be able to verify</h5>
<span class='badge badge-success'>12.18.2023 20:28:47</span>
<span class='badge badge-danger'>12.18.2023 20:29:01</span>
<span class='badge badge-default'>00:00:14:779</span>
&middot; <span class='uri-anchor badge badge-default'>#test-id=1</span>
<span class='badge badge-default pointer float-right ml-1 et'><i class="fa fa-chevron-down"></i></span>
<span class='badge badge-default pointer float-right ct'><i class="fa fa-chevron-up"></i></span>
</div>
<div class="m-t-10 m-l-5"></div>
</div>
</div>
<div class="accordion mt-4">
  <div class="card">
    <div class="card-header" role="tab">
      <div class="card-title">
        <div class="node" id="2"><span class="badge log fail-bg mr-2">Fail</span>User should be able to see error message when logging in using invalid credentials</div>
          <div class="status-avatar float-right mr-4">
            <i class="fa fa-paperclip"></i>
          </div>
      </div>
    </div>
        <div class="scenario_outline ">
            <div class="card-body l1">
              <div class="card-header">
                <div class="card-title outline-child">
                  <div class="node" id="3"><span class="badge log fail-bg mr-2">Fail</span>User should be able to see error message when logging in using invalid credentials</div>
                    <div class="status-avatar float-right">
                      <i class="fa fa-paperclip"></i>
                    </div>
                </div>
              </div>
              <div class="card-body mt-3 ">
                  <div class="step pass-bg">
                    <span>Given User is on login page</span>
      <div>
      </div>
                  </div>
                  <div class="step pass-bg">
                    <span>When User enter Username ""</span>
      <div>
      </div>
                  </div>
                  <div class="step pass-bg">
                    <span>And User enter Password ""</span>
      <div>
      </div>
                  </div>
                  <div class="step pass-bg">
                    <span>And User clicks on login button</span>
      <div>
      </div>
                  </div>
                  <div class="step fail-bg">
                    <span>Then User verifies error Text "Required"</span>
      <div>
        <textarea disabled class="code-block">org.openqa.selenium.InvalidSelectorException: invalid selector: Unable to locate an element with the xpath expression //span[@class='oxd-text oxd-text--span oxd-input-field-error-message oxd-input-group__message'][normalize-space()='Required'])[2] because of the following error:
SyntaxError: Failed to execute 'evaluate' on 'Document': The string '//span[@class='oxd-text oxd-text--span oxd-input-field-error-message oxd-input-group__message'][normalize-space()='Required'])[2]' is not a valid XPath expression.
  (Session info: chrome=120.0.6099.72)
For documentation on this error, please visit: https://www.selenium.dev/documentation/webdriver/troubleshooting/errors#invalid-selector-exception
Build info: version: '4.15.0', revision: '1d14b5521b'
System info: os.name: 'Windows 11', os.arch: 'amd64', os.version: '10.0', java.version: '17.0.8'
Driver info: org.openqa.selenium.chrome.ChromeDriver
Command: [bd4529b8b0053d63112dbbed62e76ad6, findElement {using=xpath, value=//span[@class='oxd-text oxd-text--span oxd-input-field-error-message oxd-input-group__message'][normalize-space()='Required'])[2]}]
Capabilities {acceptInsecureCerts: false, browserName: chrome, browserVersion: 120.0.6099.72, chrome: {chromedriverVersion: 120.0.6099.71 (9729082fe617..., userDataDir: C:\Users\mahak\AppData\Loca...}, fedcm:accounts: true, goog:chromeOptions: {debuggerAddress: localhost:62082}, networkConnectionEnabled: false, pageLoadStrategy: normal, platformName: windows, proxy: Proxy(), se:cdp: ws://localhost:62082/devtoo..., se:cdpVersion: 120.0.6099.72, setWindowRect: true, strictFileInteractability: false, timeouts: {implicit: 0, pageLoad: 300000, script: 30000}, unhandledPromptBehavior: dismiss and notify, webauthn:extension:credBlob: true, webauthn:extension:largeBlob: true, webauthn:extension:minPinLength: true, webauthn:extension:prf: true, webauthn:virtualAuthenticators: true}
Session ID: bd4529b8b0053d63112dbbed62e76ad6
	at java.base/jdk.internal.reflect.NativeConstructorAccessorImpl.newInstance0(Native Method)
	at java.base/jdk.internal.reflect.NativeConstructorAccessorImpl.newInstance(NativeConstructorAccessorImpl.java:77)
	at java.base/jdk.internal.reflect.DelegatingConstructorAccessorImpl.newInstance(DelegatingConstructorAccessorImpl.java:45)
	at java.base/java.lang.reflect.Constructor.newInstanceWithCaller(Constructor.java:499)
	at java.base/java.lang.reflect.Constructor.newInstance(Constructor.java:480)
	at org.openqa.selenium.remote.codec.w3c.W3CHttpResponseCodec.createException(W3CHttpResponseCodec.java:200)
	at org.openqa.selenium.remote.codec.w3c.W3CHttpResponseCodec.decode(W3CHttpResponseCodec.java:133)
	at org.openqa.selenium.remote.codec.w3c.W3CHttpResponseCodec.decode(W3CHttpResponseCodec.java:52)
	at org.openqa.selenium.remote.HttpCommandExecutor.execute(HttpCommandExecutor.java:191)
	at org.openqa.selenium.remote.service.DriverCommandExecutor.invokeExecute(DriverCommandExecutor.java:200)
	at org.openqa.selenium.remote.service.DriverCommandExecutor.execute(DriverCommandExecutor.java:175)
	at org.openqa.selenium.remote.RemoteWebDriver.execute(RemoteWebDriver.java:607)
	at org.openqa.selenium.remote.ElementLocation$ElementFinder$2.findElement(ElementLocation.java:165)
	at org.openqa.selenium.remote.ElementLocation.findElement(ElementLocation.java:59)
	at org.openqa.selenium.remote.RemoteWebDriver.findElement(RemoteWebDriver.java:364)
	at org.openqa.selenium.remote.RemoteWebDriver.findElement(RemoteWebDriver.java:358)
	at org.openqa.selenium.support.pagefactory.DefaultElementLocator.findElement(DefaultElementLocator.java:68)
	at org.openqa.selenium.support.pagefactory.internal.LocatingElementHandler.invoke(LocatingElementHandler.java:38)
	at jdk.proxy2/jdk.proxy2.$Proxy29.getText(Unknown Source)
	at com.orangehrmlive.demo.utility.Utility.getTextFromElement(Utility.java:60)
	at com.orangehrmlive.demo.pages.LoginPage.requiredErrorMessage(LoginPage.java:106)
	at com.orangehrmlive.demo.steps.LoginTestSteps.userVerifiesErrorText(LoginTestSteps.java:58)
	at ✽.User verifies error Text "Required"(file:///C:/Users/mahak/IdeaProjects/sw6-orange-hrm/src/test/resources/features/DataSet.feature:9)
</textarea>
      
      </div>
                  </div>
                  <div class="step pass-bg">
                    <span>com.orangehrmlive.demo.steps.Hooks.tearDown(io.cucumber.java.Scenario)</span>
      <div>User should be able to see error message when logging in using invalid credentials
          <div class="row mb-3"><div class="col-md-3">
<img data-featherlight='../screenshots/embedded1.png' src="../screenshots/embedded1.png">
    
    </div></div>
</div>
      <div>
      </div>
                  </div>
              </div>
            </div>
            <div class="card-body l1">
              <div class="card-header">
                <div class="card-title outline-child">
                  <div class="node" id="11"><span class="badge log fail-bg mr-2">Fail</span>User should be able to see error message when logging in using invalid credentials</div>
                    <div class="status-avatar float-right">
                      <i class="fa fa-paperclip"></i>
                    </div>
                </div>
              </div>
              <div class="card-body mt-3 ">
                  <div class="step pass-bg">
                    <span>Given User is on login page</span>
      <div>
      </div>
                  </div>
                  <div class="step pass-bg">
                    <span>When User enter Username "test123@gmail.com"</span>
      <div>
      </div>
                  </div>
                  <div class="step pass-bg">
                    <span>And User enter Password ""</span>
      <div>
      </div>
                  </div>
                  <div class="step pass-bg">
                    <span>And User clicks on login button</span>
      <div>
      </div>
                  </div>
                  <div class="step fail-bg">
                    <span>Then User verifies error Text "Required"</span>
      <div>
        <textarea disabled class="code-block">org.openqa.selenium.InvalidSelectorException: invalid selector: Unable to locate an element with the xpath expression //span[@class='oxd-text oxd-text--span oxd-input-field-error-message oxd-input-group__message'][normalize-space()='Required'])[2] because of the following error:
SyntaxError: Failed to execute 'evaluate' on 'Document': The string '//span[@class='oxd-text oxd-text--span oxd-input-field-error-message oxd-input-group__message'][normalize-space()='Required'])[2]' is not a valid XPath expression.
  (Session info: chrome=120.0.6099.72)
For documentation on this error, please visit: https://www.selenium.dev/documentation/webdriver/troubleshooting/errors#invalid-selector-exception
Build info: version: '4.15.0', revision: '1d14b5521b'
System info: os.name: 'Windows 11', os.arch: 'amd64', os.version: '10.0', java.version: '17.0.8'
Driver info: org.openqa.selenium.chrome.ChromeDriver
Command: [30915d7084ab62ce5942f988b0637fe6, findElement {using=xpath, value=//span[@class='oxd-text oxd-text--span oxd-input-field-error-message oxd-input-group__message'][normalize-space()='Required'])[2]}]
Capabilities {acceptInsecureCerts: false, browserName: chrome, browserVersion: 120.0.6099.72, chrome: {chromedriverVersion: 120.0.6099.71 (9729082fe617..., userDataDir: C:\Users\mahak\AppData\Loca...}, fedcm:accounts: true, goog:chromeOptions: {debuggerAddress: localhost:62110}, networkConnectionEnabled: false, pageLoadStrategy: normal, platformName: windows, proxy: Proxy(), se:cdp: ws://localhost:62110/devtoo..., se:cdpVersion: 120.0.6099.72, setWindowRect: true, strictFileInteractability: false, timeouts: {implicit: 0, pageLoad: 300000, script: 30000}, unhandledPromptBehavior: dismiss and notify, webauthn:extension:credBlob: true, webauthn:extension:largeBlob: true, webauthn:extension:minPinLength: true, webauthn:extension:prf: true, webauthn:virtualAuthenticators: true}
Session ID: 30915d7084ab62ce5942f988b0637fe6
	at java.base/jdk.internal.reflect.NativeConstructorAccessorImpl.newInstance0(Native Method)
	at java.base/jdk.internal.reflect.NativeConstructorAccessorImpl.newInstance(NativeConstructorAccessorImpl.java:77)
	at java.base/jdk.internal.reflect.DelegatingConstructorAccessorImpl.newInstance(DelegatingConstructorAccessorImpl.java:45)
	at java.base/java.lang.reflect.Constructor.newInstanceWithCaller(Constructor.java:499)
	at java.base/java.lang.reflect.Constructor.newInstance(Constructor.java:480)
	at org.openqa.selenium.remote.codec.w3c.W3CHttpResponseCodec.createException(W3CHttpResponseCodec.java:200)
	at org.openqa.selenium.remote.codec.w3c.W3CHttpResponseCodec.decode(W3CHttpResponseCodec.java:133)
	at org.openqa.selenium.remote.codec.w3c.W3CHttpResponseCodec.decode(W3CHttpResponseCodec.java:52)
	at org.openqa.selenium.remote.HttpCommandExecutor.execute(HttpCommandExecutor.java:191)
	at org.openqa.selenium.remote.service.DriverCommandExecutor.invokeExecute(DriverCommandExecutor.java:200)
	at org.openqa.selenium.remote.service.DriverCommandExecutor.execute(DriverCommandExecutor.java:175)
	at org.openqa.selenium.remote.RemoteWebDriver.execute(RemoteWebDriver.java:607)
	at org.openqa.selenium.remote.ElementLocation$ElementFinder$2.findElement(ElementLocation.java:165)
	at org.openqa.selenium.remote.ElementLocation.findElement(ElementLocation.java:59)
	at org.openqa.selenium.remote.RemoteWebDriver.findElement(RemoteWebDriver.java:364)
	at org.openqa.selenium.remote.RemoteWebDriver.findElement(RemoteWebDriver.java:358)
	at org.openqa.selenium.support.pagefactory.DefaultElementLocator.findElement(DefaultElementLocator.java:68)
	at org.openqa.selenium.support.pagefactory.internal.LocatingElementHandler.invoke(LocatingElementHandler.java:38)
	at jdk.proxy2/jdk.proxy2.$Proxy29.getText(Unknown Source)
	at com.orangehrmlive.demo.utility.Utility.getTextFromElement(Utility.java:60)
	at com.orangehrmlive.demo.pages.LoginPage.requiredErrorMessage(LoginPage.java:106)
	at com.orangehrmlive.demo.steps.LoginTestSteps.userVerifiesErrorText(LoginTestSteps.java:58)
	at ✽.User verifies error Text "Required"(file:///C:/Users/mahak/IdeaProjects/sw6-orange-hrm/src/test/resources/features/DataSet.feature:9)
</textarea>
      
      </div>
                  </div>
                  <div class="step pass-bg">
                    <span>com.orangehrmlive.demo.steps.Hooks.tearDown(io.cucumber.java.Scenario)</span>
      <div>User should be able to see error message when logging in using invalid credentials
          <div class="row mb-3"><div class="col-md-3">
<img data-featherlight='../screenshots/embedded2.png' src="../screenshots/embedded2.png">
    
    </div></div>
</div>
      <div>
      </div>
                  </div>
              </div>
            </div>
            <div class="card-body l1">
              <div class="card-header">
                <div class="card-title outline-child">
                  <div class="node" id="19"><span class="badge log fail-bg mr-2">Fail</span>User should be able to see error message when logging in using invalid credentials</div>
                    <div class="status-avatar float-right">
                      <i class="fa fa-paperclip"></i>
                    </div>
                </div>
              </div>
              <div class="card-body mt-3 ">
                  <div class="step pass-bg">
                    <span>Given User is on login page</span>
      <div>
      </div>
                  </div>
                  <div class="step pass-bg">
                    <span>When User enter Username ""</span>
      <div>
      </div>
                  </div>
                  <div class="step pass-bg">
                    <span>And User enter Password "test123"</span>
      <div>
      </div>
                  </div>
                  <div class="step pass-bg">
                    <span>And User clicks on login button</span>
      <div>
      </div>
                  </div>
                  <div class="step fail-bg">
                    <span>Then User verifies error Text "Required"</span>
      <div>
        <textarea disabled class="code-block">org.openqa.selenium.InvalidSelectorException: invalid selector: Unable to locate an element with the xpath expression //span[@class='oxd-text oxd-text--span oxd-input-field-error-message oxd-input-group__message'][normalize-space()='Required'])[2] because of the following error:
SyntaxError: Failed to execute 'evaluate' on 'Document': The string '//span[@class='oxd-text oxd-text--span oxd-input-field-error-message oxd-input-group__message'][normalize-space()='Required'])[2]' is not a valid XPath expression.
  (Session info: chrome=120.0.6099.72)
For documentation on this error, please visit: https://www.selenium.dev/documentation/webdriver/troubleshooting/errors#invalid-selector-exception
Build info: version: '4.15.0', revision: '1d14b5521b'
System info: os.name: 'Windows 11', os.arch: 'amd64', os.version: '10.0', java.version: '17.0.8'
Driver info: org.openqa.selenium.chrome.ChromeDriver
Command: [e0b0b0b94b26b2504627365d6f47660c, findElement {using=xpath, value=//span[@class='oxd-text oxd-text--span oxd-input-field-error-message oxd-input-group__message'][normalize-space()='Required'])[2]}]
Capabilities {acceptInsecureCerts: false, browserName: chrome, browserVersion: 120.0.6099.72, chrome: {chromedriverVersion: 120.0.6099.71 (9729082fe617..., userDataDir: C:\Users\mahak\AppData\Loca...}, fedcm:accounts: true, goog:chromeOptions: {debuggerAddress: localhost:62141}, networkConnectionEnabled: false, pageLoadStrategy: normal, platformName: windows, proxy: Proxy(), se:cdp: ws://localhost:62141/devtoo..., se:cdpVersion: 120.0.6099.72, setWindowRect: true, strictFileInteractability: false, timeouts: {implicit: 0, pageLoad: 300000, script: 30000}, unhandledPromptBehavior: dismiss and notify, webauthn:extension:credBlob: true, webauthn:extension:largeBlob: true, webauthn:extension:minPinLength: true, webauthn:extension:prf: true, webauthn:virtualAuthenticators: true}
Session ID: e0b0b0b94b26b2504627365d6f47660c
	at java.base/jdk.internal.reflect.NativeConstructorAccessorImpl.newInstance0(Native Method)
	at java.base/jdk.internal.reflect.NativeConstructorAccessorImpl.newInstance(NativeConstructorAccessorImpl.java:77)
	at java.base/jdk.internal.reflect.DelegatingConstructorAccessorImpl.newInstance(DelegatingConstructorAccessorImpl.java:45)
	at java.base/java.lang.reflect.Constructor.newInstanceWithCaller(Constructor.java:499)
	at java.base/java.lang.reflect.Constructor.newInstance(Constructor.java:480)
	at org.openqa.selenium.remote.codec.w3c.W3CHttpResponseCodec.createException(W3CHttpResponseCodec.java:200)
	at org.openqa.selenium.remote.codec.w3c.W3CHttpResponseCodec.decode(W3CHttpResponseCodec.java:133)
	at org.openqa.selenium.remote.codec.w3c.W3CHttpResponseCodec.decode(W3CHttpResponseCodec.java:52)
	at org.openqa.selenium.remote.HttpCommandExecutor.execute(HttpCommandExecutor.java:191)
	at org.openqa.selenium.remote.service.DriverCommandExecutor.invokeExecute(DriverCommandExecutor.java:200)
	at org.openqa.selenium.remote.service.DriverCommandExecutor.execute(DriverCommandExecutor.java:175)
	at org.openqa.selenium.remote.RemoteWebDriver.execute(RemoteWebDriver.java:607)
	at org.openqa.selenium.remote.ElementLocation$ElementFinder$2.findElement(ElementLocation.java:165)
	at org.openqa.selenium.remote.ElementLocation.findElement(ElementLocation.java:59)
	at org.openqa.selenium.remote.RemoteWebDriver.findElement(RemoteWebDriver.java:364)
	at org.openqa.selenium.remote.RemoteWebDriver.findElement(RemoteWebDriver.java:358)
	at org.openqa.selenium.support.pagefactory.DefaultElementLocator.findElement(DefaultElementLocator.java:68)
	at org.openqa.selenium.support.pagefactory.internal.LocatingElementHandler.invoke(LocatingElementHandler.java:38)
	at jdk.proxy2/jdk.proxy2.$Proxy29.getText(Unknown Source)
	at com.orangehrmlive.demo.utility.Utility.getTextFromElement(Utility.java:60)
	at com.orangehrmlive.demo.pages.LoginPage.requiredErrorMessage(LoginPage.java:106)
	at com.orangehrmlive.demo.steps.LoginTestSteps.userVerifiesErrorText(LoginTestSteps.java:58)
	at ✽.User verifies error Text "Required"(file:///C:/Users/mahak/IdeaProjects/sw6-orange-hrm/src/test/resources/features/DataSet.feature:9)
</textarea>
      
      </div>
                  </div>
                  <div class="step pass-bg">
                    <span>com.orangehrmlive.demo.steps.Hooks.tearDown(io.cucumber.java.Scenario)</span>
      <div>User should be able to see error message when logging in using invalid credentials
          <div class="row mb-3"><div class="col-md-3">
<img data-featherlight='../screenshots/embedded3.png' src="../screenshots/embedded3.png">
    
    </div></div>
</div>
      <div>
      </div>
                  </div>
              </div>
            </div>
        </div>
  </div>
</div>
          </div>
        </li>
        <li class="test-item"  status="fail" test-id="27"
          author=""
          tag=""
          device="">
          <div class="test-detail">
            <p class="name">Add User Test feature</p>
            <p class="text-sm">
              <span>20:29:01</span> / <span>00:00:42:736</span>
              <span class="badge fail-bg log float-right">Fail</span>
            </p>
          </div>
          <div class="test-contents d-none">
<div class="detail-head">
<div class="p-v-10">
<div class="info">
<h5 class="test-status text-fail">Add User Test feature</h5>
<span class='badge badge-success'>12.18.2023 20:29:01</span>
<span class='badge badge-danger'>12.18.2023 20:29:44</span>
<span class='badge badge-default'>00:00:42:736</span>
&middot; <span class='uri-anchor badge badge-default'>#test-id=27</span>
<span class='badge badge-default pointer float-right ml-1 et'><i class="fa fa-chevron-down"></i></span>
<span class='badge badge-default pointer float-right ct'><i class="fa fa-chevron-up"></i></span>
</div>
<div class="m-t-10 m-l-5"> As a User, I should be able to check Login Test features</div>
</div>
</div>
<div class="accordion mt-4">
  <div class="card">
    <div class="card-header" role="tab">
      <div class="card-title">
        <div class="node" id="28"><span class="badge log pass-bg mr-2">Pass</span>User should be able to login successfully</div>
          <div class="status-avatar float-right mr-4">
            <i class="fa fa-paperclip"></i>
          </div>
      </div>
    </div>
        <div class="collapse">
          <div class="card-body">
              <div class="step pass-bg" title="com.orangehrmlive.demo.steps.AddUserTestSteps.userEntersUsername(java.lang.String)">
                <span>When User enters Username "Admin"</span>
      <div>
      </div>
              </div>
              <div class="step pass-bg" title="com.orangehrmlive.demo.steps.AddUserTestSteps.userEntersPassword(java.lang.String)">
                <span>And User enters password "admin123"</span>
      <div>
      </div>
              </div>
              <div class="step pass-bg" title="com.orangehrmlive.demo.steps.AddUserTestSteps.userClicksOnLoginButton()">
                <span>Then User clicks on login button</span>
      <div>
      </div>
              </div>
              <div class="step pass-bg" title="com.orangehrmlive.demo.steps.LoginTestSteps.userVerifiesText(java.lang.String)">
                <span>And User verifies "Dashboard" text</span>
      <div>
      </div>
              </div>
              <div class="step pass-bg" title="AFTER">
                <span>com.orangehrmlive.demo.steps.Hooks.tearDown(io.cucumber.java.Scenario)</span>
      <div>User should be able to login successfully
          <div class="row mb-3"><div class="col-md-3">
<img data-featherlight='../screenshots/embedded4.png' src="../screenshots/embedded4.png">
    
    </div></div>
</div>
      <div>
      </div>
              </div>
          </div>
        </div>
  </div>
  <div class="card">
    <div class="card-header" role="tab">
      <div class="card-title">
        <div class="node" id="35"><span class="badge log fail-bg mr-2">Fail</span>User should be able to verify Logo display on homepage</div>
      </div>
    </div>
        <div class="">
          <div class="card-body">
              <div class="step pass-bg" title="com.orangehrmlive.demo.steps.AddUserTestSteps.userEntersUsername(java.lang.String)">
                <span>When User enters Username "Admin"</span>
      <div>
      </div>
              </div>
              <div class="step pass-bg" title="com.orangehrmlive.demo.steps.AddUserTestSteps.userEntersPassword(java.lang.String)">
                <span>And User enters password "admin123"</span>
      <div>
      </div>
              </div>
              <div class="step pass-bg" title="com.orangehrmlive.demo.steps.AddUserTestSteps.userClicksOnLoginButton()">
                <span>Then User clicks on login button</span>
      <div>
      </div>
              </div>
              <div class="step fail-bg" title="com.orangehrmlive.demo.steps.LoginTestSteps.verifyLogoIsDisplayed()">
                <span>And Verify logo is displayed</span>
      <div>
        <textarea disabled class="code-block">org.openqa.selenium.NoSuchElementException: Unable to find element with locator By.xpath: (//img[@alt='orangehrm-logo'])[2]
For documentation on this error, please visit: https://www.selenium.dev/documentation/webdriver/troubleshooting/errors#no-such-element-exception
Build info: version: '4.15.0', revision: '1d14b5521b'
System info: os.name: 'Windows 11', os.arch: 'amd64', os.version: '10.0', java.version: '17.0.8'
Driver info: driver.version: RemoteWebDriver
	at org.openqa.selenium.remote.ElementLocation$ElementFinder$2.findElement(ElementLocation.java:168)
	at org.openqa.selenium.remote.ElementLocation.findElement(ElementLocation.java:59)
	at org.openqa.selenium.remote.RemoteWebDriver.findElement(RemoteWebDriver.java:364)
	at org.openqa.selenium.remote.RemoteWebDriver.findElement(RemoteWebDriver.java:358)
	at org.openqa.selenium.support.pagefactory.DefaultElementLocator.findElement(DefaultElementLocator.java:68)
	at org.openqa.selenium.support.pagefactory.internal.LocatingElementHandler.invoke(LocatingElementHandler.java:38)
	at jdk.proxy2/jdk.proxy2.$Proxy29.getText(Unknown Source)
	at com.orangehrmlive.demo.utility.Utility.verifyThatTextIsDisplayed(Utility.java:301)
	at com.orangehrmlive.demo.pages.LoginPage.getLogoElement(LoginPage.java:67)
	at com.orangehrmlive.demo.steps.LoginTestSteps.verifyLogoIsDisplayed(LoginTestSteps.java:22)
	at ✽.Verify logo is displayed(file:///C:/Users/mahak/IdeaProjects/sw6-orange-hrm/src/test/resources/features/LoginTest.feature:27)
</textarea>
      
      </div>
              </div>
              <div class="step fail-bg" title="AFTER">
                <span>com.orangehrmlive.demo.steps.Hooks.tearDown(io.cucumber.java.Scenario)</span>
      <div>
        <textarea disabled class="code-block">org.openqa.selenium.NoSuchWindowException: no such window: target window already closed
from unknown error: web view not found
  (Session info: chrome=120.0.6099.72)
Build info: version: '4.15.0', revision: '1d14b5521b'
System info: os.name: 'Windows 11', os.arch: 'amd64', os.version: '10.0', java.version: '17.0.8'
Driver info: org.openqa.selenium.chrome.ChromeDriver
Command: [09826a1b4d48b84d29f78715d7fa26a5, screenshot {}]
Capabilities {acceptInsecureCerts: false, browserName: chrome, browserVersion: 120.0.6099.72, chrome: {chromedriverVersion: 120.0.6099.71 (9729082fe617..., userDataDir: C:\Users\mahak\AppData\Loca...}, fedcm:accounts: true, goog:chromeOptions: {debuggerAddress: localhost:62217}, networkConnectionEnabled: false, pageLoadStrategy: normal, platformName: windows, proxy: Proxy(), se:cdp: ws://localhost:62217/devtoo..., se:cdpVersion: 120.0.6099.72, setWindowRect: true, strictFileInteractability: false, timeouts: {implicit: 0, pageLoad: 300000, script: 30000}, unhandledPromptBehavior: dismiss and notify, webauthn:extension:credBlob: true, webauthn:extension:largeBlob: true, webauthn:extension:minPinLength: true, webauthn:extension:prf: true, webauthn:virtualAuthenticators: true}
Session ID: 09826a1b4d48b84d29f78715d7fa26a5
	at java.base/jdk.internal.reflect.NativeConstructorAccessorImpl.newInstance0(Native Method)
	at java.base/jdk.internal.reflect.NativeConstructorAccessorImpl.newInstance(NativeConstructorAccessorImpl.java:77)
	at java.base/jdk.internal.reflect.DelegatingConstructorAccessorImpl.newInstance(DelegatingConstructorAccessorImpl.java:45)
	at java.base/java.lang.reflect.Constructor.newInstanceWithCaller(Constructor.java:499)
	at java.base/java.lang.reflect.Constructor.newInstance(Constructor.java:480)
	at org.openqa.selenium.remote.codec.w3c.W3CHttpResponseCodec.createException(W3CHttpResponseCodec.java:200)
	at org.openqa.selenium.remote.codec.w3c.W3CHttpResponseCodec.decode(W3CHttpResponseCodec.java:133)
	at org.openqa.selenium.remote.codec.w3c.W3CHttpResponseCodec.decode(W3CHttpResponseCodec.java:52)
	at org.openqa.selenium.remote.HttpCommandExecutor.execute(HttpCommandExecutor.java:191)
	at org.openqa.selenium.remote.service.DriverCommandExecutor.invokeExecute(DriverCommandExecutor.java:200)
	at org.openqa.selenium.remote.service.DriverCommandExecutor.execute(DriverCommandExecutor.java:175)
	at org.openqa.selenium.remote.RemoteWebDriver.execute(RemoteWebDriver.java:607)
	at org.openqa.selenium.remote.RemoteWebDriver.execute(RemoteWebDriver.java:680)
	at org.openqa.selenium.remote.RemoteWebDriver.execute(RemoteWebDriver.java:684)
	at org.openqa.selenium.remote.RemoteWebDriver.getScreenshotAs(RemoteWebDriver.java:330)
	at com.orangehrmlive.demo.utility.Utility.getScreenShot(Utility.java:350)
	at com.orangehrmlive.demo.steps.Hooks.tearDown(Hooks.java:19)
</textarea>
      
      </div>
              </div>
          </div>
        </div>
  </div>
  <div class="card">
    <div class="card-header" role="tab">
      <div class="card-title">
        <div class="node" id="42"><span class="badge log fail-bg mr-2">Fail</span>User should be able to logout successfully</div>
      </div>
    </div>
        <div class="">
          <div class="card-body">
              <div class="step pass-bg" title="com.orangehrmlive.demo.steps.AddUserTestSteps.userEntersUsername(java.lang.String)">
                <span>When User enters Username "Admin"</span>
      <div>
      </div>
              </div>
              <div class="step pass-bg" title="com.orangehrmlive.demo.steps.AddUserTestSteps.userEntersPassword(java.lang.String)">
                <span>And User enters password "admin123"</span>
      <div>
      </div>
              </div>
              <div class="step pass-bg" title="com.orangehrmlive.demo.steps.AddUserTestSteps.userClicksOnLoginButton()">
                <span>Then User clicks on login button</span>
      <div>
      </div>
              </div>
              <div class="step pass-bg" title="com.orangehrmlive.demo.steps.LoginTestSteps.userClicksOnProfileLogo()">
                <span>And User clicks on profile logo</span>
      <div>
      </div>
              </div>
              <div class="step pass-bg" title="com.orangehrmlive.demo.steps.LoginTestSteps.userMouseHoverOnLogoutAndClick()">
                <span>Then User mouse hover on logout and click</span>
      <div>
      </div>
              </div>
              <div class="step fail-bg" title="com.orangehrmlive.demo.steps.LoginTestSteps.userVerifiesTextIsDisplayed(java.lang.String)">
                <span>And User verifies "Login" text is displayed</span>
      <div>
        <textarea disabled class="code-block">org.openqa.selenium.NoSuchElementException: Unable to find element with locator By.xpath: //div[@id='logInPanelHeading']
For documentation on this error, please visit: https://www.selenium.dev/documentation/webdriver/troubleshooting/errors#no-such-element-exception
Build info: version: '4.15.0', revision: '1d14b5521b'
System info: os.name: 'Windows 11', os.arch: 'amd64', os.version: '10.0', java.version: '17.0.8'
Driver info: driver.version: RemoteWebDriver
	at org.openqa.selenium.remote.ElementLocation$ElementFinder$2.findElement(ElementLocation.java:168)
	at org.openqa.selenium.remote.ElementLocation.findElement(ElementLocation.java:59)
	at org.openqa.selenium.remote.RemoteWebDriver.findElement(RemoteWebDriver.java:364)
	at org.openqa.selenium.remote.RemoteWebDriver.findElement(RemoteWebDriver.java:358)
	at org.openqa.selenium.support.pagefactory.DefaultElementLocator.findElement(DefaultElementLocator.java:68)
	at org.openqa.selenium.support.pagefactory.internal.LocatingElementHandler.invoke(LocatingElementHandler.java:38)
	at jdk.proxy2/jdk.proxy2.$Proxy29.getText(Unknown Source)
	at com.orangehrmlive.demo.utility.Utility.getTextFromElement(Utility.java:60)
	at com.orangehrmlive.demo.pages.LoginPage.verifyLoginPanel(LoginPage.java:98)
	at com.orangehrmlive.demo.steps.LoginTestSteps.userVerifiesTextIsDisplayed(LoginTestSteps.java:38)
	at ✽.User verifies "Login" text is displayed(file:///C:/Users/mahak/IdeaProjects/sw6-orange-hrm/src/test/resources/features/LoginTest.feature:39)
</textarea>
      
      </div>
              </div>
              <div class="step fail-bg" title="AFTER">
                <span>com.orangehrmlive.demo.steps.Hooks.tearDown(io.cucumber.java.Scenario)</span>
      <div>
        <textarea disabled class="code-block">org.openqa.selenium.NoSuchWindowException: no such window: target window already closed
from unknown error: web view not found
  (Session info: chrome=120.0.6099.72)
Build info: version: '4.15.0', revision: '1d14b5521b'
System info: os.name: 'Windows 11', os.arch: 'amd64', os.version: '10.0', java.version: '17.0.8'
Driver info: org.openqa.selenium.chrome.ChromeDriver
Command: [a6ff47182014af2a452559b966dd3844, screenshot {}]
Capabilities {acceptInsecureCerts: false, browserName: chrome, browserVersion: 120.0.6099.72, chrome: {chromedriverVersion: 120.0.6099.71 (9729082fe617..., userDataDir: C:\Users\mahak\AppData\Loca...}, fedcm:accounts: true, goog:chromeOptions: {debuggerAddress: localhost:62305}, networkConnectionEnabled: false, pageLoadStrategy: normal, platformName: windows, proxy: Proxy(), se:cdp: ws://localhost:62305/devtoo..., se:cdpVersion: 120.0.6099.72, setWindowRect: true, strictFileInteractability: false, timeouts: {implicit: 0, pageLoad: 300000, script: 30000}, unhandledPromptBehavior: dismiss and notify, webauthn:extension:credBlob: true, webauthn:extension:largeBlob: true, webauthn:extension:minPinLength: true, webauthn:extension:prf: true, webauthn:virtualAuthenticators: true}
Session ID: a6ff47182014af2a452559b966dd3844
	at java.base/jdk.internal.reflect.NativeConstructorAccessorImpl.newInstance0(Native Method)
	at java.base/jdk.internal.reflect.NativeConstructorAccessorImpl.newInstance(NativeConstructorAccessorImpl.java:77)
	at java.base/jdk.internal.reflect.DelegatingConstructorAccessorImpl.newInstance(DelegatingConstructorAccessorImpl.java:45)
	at java.base/java.lang.reflect.Constructor.newInstanceWithCaller(Constructor.java:499)
	at java.base/java.lang.reflect.Constructor.newInstance(Constructor.java:480)
	at org.openqa.selenium.remote.codec.w3c.W3CHttpResponseCodec.createException(W3CHttpResponseCodec.java:200)
	at org.openqa.selenium.remote.codec.w3c.W3CHttpResponseCodec.decode(W3CHttpResponseCodec.java:133)
	at org.openqa.selenium.remote.codec.w3c.W3CHttpResponseCodec.decode(W3CHttpResponseCodec.java:52)
	at org.openqa.selenium.remote.HttpCommandExecutor.execute(HttpCommandExecutor.java:191)
	at org.openqa.selenium.remote.service.DriverCommandExecutor.invokeExecute(DriverCommandExecutor.java:200)
	at org.openqa.selenium.remote.service.DriverCommandExecutor.execute(DriverCommandExecutor.java:175)
	at org.openqa.selenium.remote.RemoteWebDriver.execute(RemoteWebDriver.java:607)
	at org.openqa.selenium.remote.RemoteWebDriver.execute(RemoteWebDriver.java:680)
	at org.openqa.selenium.remote.RemoteWebDriver.execute(RemoteWebDriver.java:684)
	at org.openqa.selenium.remote.RemoteWebDriver.getScreenshotAs(RemoteWebDriver.java:330)
	at com.orangehrmlive.demo.utility.Utility.getScreenShot(Utility.java:350)
	at com.orangehrmlive.demo.steps.Hooks.tearDown(Hooks.java:19)
</textarea>
      
      </div>
              </div>
          </div>
        </div>
  </div>
</div>
          </div>
        </li>
        <li class="test-item"  status="fail" test-id="51"
          author=""
          tag=""
          device="">
          <div class="test-detail">
            <p class="name">Add User Test feature</p>
            <p class="text-sm">
              <span>20:29:44</span> / <span>00:00:58:684</span>
              <span class="badge fail-bg log float-right">Fail</span>
            </p>
          </div>
          <div class="test-contents d-none">
<div class="detail-head">
<div class="p-v-10">
<div class="info">
<h5 class="test-status text-fail">Add User Test feature</h5>
<span class='badge badge-success'>12.18.2023 20:29:44</span>
<span class='badge badge-danger'>12.18.2023 20:30:43</span>
<span class='badge badge-default'>00:00:58:684</span>
&middot; <span class='uri-anchor badge badge-default'>#test-id=51</span>
<span class='badge badge-default pointer float-right ml-1 et'><i class="fa fa-chevron-down"></i></span>
<span class='badge badge-default pointer float-right ct'><i class="fa fa-chevron-up"></i></span>
</div>
<div class="m-t-10 m-l-5"> As a User, I should be able to check Add User Test features</div>
</div>
</div>
<div class="accordion mt-4">
  <div class="card">
    <div class="card-header" role="tab">
      <div class="card-title">
        <div class="node" id="52"><span class="badge log fail-bg mr-2">Fail</span>Admin should add user successfully</div>
          <div class="status-avatar float-right mr-4">
            <i class="fa fa-paperclip"></i>
          </div>
      </div>
    </div>
        <div class="">
          <div class="card-body">
              <div class="step pass-bg" title="com.orangehrmlive.demo.steps.AddUserTestSteps.userEntersUsername(java.lang.String)">
                <span>When User enters Username "Admin"</span>
      <div>
      </div>
              </div>
              <div class="step pass-bg" title="com.orangehrmlive.demo.steps.AddUserTestSteps.userEntersPassword(java.lang.String)">
                <span>And User enters password "admin123"</span>
      <div>
      </div>
              </div>
              <div class="step pass-bg" title="com.orangehrmlive.demo.steps.AddUserTestSteps.userClicksOnLoginButton()">
                <span>Then User clicks on login button</span>
      <div>
      </div>
              </div>
              <div class="step pass-bg" title="com.orangehrmlive.demo.steps.AddUserTestSteps.userNavigatesToAddUserPage()">
                <span>When User navigates to add user page</span>
      <div>
      </div>
              </div>
              <div class="step pass-bg" title="com.orangehrmlive.demo.steps.AddUserTestSteps.userClicksOnAdminTab()">
                <span>Then User clicks on Admin tab</span>
      <div>
      </div>
              </div>
              <div class="step pass-bg" title="com.orangehrmlive.demo.steps.AddUserTestSteps.userVerifiesText(java.lang.String)">
                <span>And User verifies "System Users" Text</span>
      <div>
      </div>
              </div>
              <div class="step pass-bg" title="com.orangehrmlive.demo.steps.AddUserTestSteps.userClicksOnAddButton()">
                <span>And User clicks on add button</span>
      <div>
      </div>
              </div>
              <div class="step pass-bg" title="com.orangehrmlive.demo.steps.AddUserTestSteps.userVerifyText(java.lang.String)">
                <span>Then User verify Text "Add User"</span>
      <div>
      </div>
              </div>
              <div class="step pass-bg" title="com.orangehrmlive.demo.steps.AddUserTestSteps.userSelectUserRole(java.lang.String)">
                <span>Then User Select User Role "Admin"</span>
      <div>
      </div>
              </div>
              <div class="step pass-bg" title="com.orangehrmlive.demo.steps.AddUserTestSteps.userEntersEmployeeName(java.lang.String)">
                <span>And User enters employee name "Lisa  Andrews"</span>
      <div>
      </div>
              </div>
              <div class="step fail-bg" title="com.orangehrmlive.demo.steps.AddUserTestSteps.userEntersUsername(java.lang.String)">
                <span>And User enters Username "username"</span>
      <div>
        <textarea disabled class="code-block">org.openqa.selenium.NoSuchElementException: no such element: Unable to locate element: {"method":"xpath","selector":"//input[@name='username']"}
  (Session info: chrome=120.0.6099.72)
For documentation on this error, please visit: https://www.selenium.dev/documentation/webdriver/troubleshooting/errors#no-such-element-exception
Build info: version: '4.15.0', revision: '1d14b5521b'
System info: os.name: 'Windows 11', os.arch: 'amd64', os.version: '10.0', java.version: '17.0.8'
Driver info: org.openqa.selenium.chrome.ChromeDriver
Command: [8338ee5fd0dc7093806657a0341af595, findElement {using=xpath, value=//input[@name='username']}]
Capabilities {acceptInsecureCerts: false, browserName: chrome, browserVersion: 120.0.6099.72, chrome: {chromedriverVersion: 120.0.6099.71 (9729082fe617..., userDataDir: C:\Users\mahak\AppData\Loca...}, fedcm:accounts: true, goog:chromeOptions: {debuggerAddress: localhost:62351}, networkConnectionEnabled: false, pageLoadStrategy: normal, platformName: windows, proxy: Proxy(), se:cdp: ws://localhost:62351/devtoo..., se:cdpVersion: 120.0.6099.72, setWindowRect: true, strictFileInteractability: false, timeouts: {implicit: 0, pageLoad: 300000, script: 30000}, unhandledPromptBehavior: dismiss and notify, webauthn:extension:credBlob: true, webauthn:extension:largeBlob: true, webauthn:extension:minPinLength: true, webauthn:extension:prf: true, webauthn:virtualAuthenticators: true}
Session ID: 8338ee5fd0dc7093806657a0341af595
	at java.base/jdk.internal.reflect.NativeConstructorAccessorImpl.newInstance0(Native Method)
	at java.base/jdk.internal.reflect.NativeConstructorAccessorImpl.newInstance(NativeConstructorAccessorImpl.java:77)
	at java.base/jdk.internal.reflect.DelegatingConstructorAccessorImpl.newInstance(DelegatingConstructorAccessorImpl.java:45)
	at java.base/java.lang.reflect.Constructor.newInstanceWithCaller(Constructor.java:499)
	at java.base/java.lang.reflect.Constructor.newInstance(Constructor.java:480)
	at org.openqa.selenium.remote.codec.w3c.W3CHttpResponseCodec.createException(W3CHttpResponseCodec.java:200)
	at org.openqa.selenium.remote.codec.w3c.W3CHttpResponseCodec.decode(W3CHttpResponseCodec.java:133)
	at org.openqa.selenium.remote.codec.w3c.W3CHttpResponseCodec.decode(W3CHttpResponseCodec.java:52)
	at org.openqa.selenium.remote.HttpCommandExecutor.execute(HttpCommandExecutor.java:191)
	at org.openqa.selenium.remote.service.DriverCommandExecutor.invokeExecute(DriverCommandExecutor.java:200)
	at org.openqa.selenium.remote.service.DriverCommandExecutor.execute(DriverCommandExecutor.java:175)
	at org.openqa.selenium.remote.RemoteWebDriver.execute(RemoteWebDriver.java:607)
	at org.openqa.selenium.remote.ElementLocation$ElementFinder$2.findElement(ElementLocation.java:165)
	at org.openqa.selenium.remote.ElementLocation.findElement(ElementLocation.java:59)
	at org.openqa.selenium.remote.RemoteWebDriver.findElement(RemoteWebDriver.java:364)
	at org.openqa.selenium.remote.RemoteWebDriver.findElement(RemoteWebDriver.java:358)
	at org.openqa.selenium.support.pagefactory.DefaultElementLocator.findElement(DefaultElementLocator.java:68)
	at org.openqa.selenium.support.pagefactory.internal.LocatingElementHandler.invoke(LocatingElementHandler.java:38)
	at jdk.proxy2/jdk.proxy2.$Proxy29.sendKeys(Unknown Source)
	at com.orangehrmlive.demo.utility.Utility.sendTextToElement(Utility.java:71)
	at com.orangehrmlive.demo.pages.LoginPage.enterUserName(LoginPage.java:70)
	at com.orangehrmlive.demo.steps.AddUserTestSteps.userEntersUsername(AddUserTestSteps.java:15)
	at ✽.User enters Username "username"(file:///C:/Users/mahak/IdeaProjects/sw6-orange-hrm/src/test/resources/features/UserTest.feature:33)
</textarea>
      
      </div>
              </div>
              <div class="step skip-bg" title="com.orangehrmlive.demo.steps.AddUserTestSteps.userSelectsStatus(java.lang.String)">
                <span>And User selects status "Disabled"</span>
      <div>Step skipped
      </div>
              </div>
              <div class="step skip-bg" title="com.orangehrmlive.demo.steps.AddUserTestSteps.userEntersPassword()">
                <span>And User enters password</span>
      <div>Step skipped
      </div>
              </div>
              <div class="step skip-bg" title="com.orangehrmlive.demo.steps.AddUserTestSteps.userEntersConfirmPassword()">
                <span>And User enters confirm password</span>
      <div>Step skipped
      </div>
              </div>
              <div class="step skip-bg" title="com.orangehrmlive.demo.steps.AddUserTestSteps.userClicksOnSaveButton()">
                <span>Then User clicks on save button</span>
      <div>Step skipped
      </div>
              </div>
              <div class="step pass-bg" title="AFTER">
                <span>com.orangehrmlive.demo.steps.Hooks.tearDown(io.cucumber.java.Scenario)</span>
      <div>Admin should add user successfully
          <div class="row mb-3"><div class="col-md-3">
<img data-featherlight='../screenshots/embedded5.png' src="../screenshots/embedded5.png">
    
    </div></div>
</div>
      <div>
      </div>
              </div>
          </div>
        </div>
  </div>
  <div class="card">
    <div class="card-header" role="tab">
      <div class="card-title">
        <div class="node" id="70"><span class="badge log pass-bg mr-2">Pass</span>Search the user created</div>
          <div class="status-avatar float-right mr-4">
            <i class="fa fa-paperclip"></i>
          </div>
      </div>
    </div>
        <div class="collapse">
          <div class="card-body">
              <div class="step pass-bg" title="com.orangehrmlive.demo.steps.AddUserTestSteps.userEntersUsername(java.lang.String)">
                <span>When User enters Username "Admin"</span>
      <div>
      </div>
              </div>
              <div class="step pass-bg" title="com.orangehrmlive.demo.steps.AddUserTestSteps.userEntersPassword(java.lang.String)">
                <span>And User enters password "admin123"</span>
      <div>
      </div>
              </div>
              <div class="step pass-bg" title="com.orangehrmlive.demo.steps.AddUserTestSteps.userClicksOnLoginButton()">
                <span>Then User clicks on login button</span>
      <div>
      </div>
              </div>
              <div class="step pass-bg" title="com.orangehrmlive.demo.steps.AddUserTestSteps.userClicksOnAdminTab()">
                <span>When User clicks on Admin tab</span>
      <div>
      </div>
              </div>
              <div class="step pass-bg" title="com.orangehrmlive.demo.steps.AddUserTestSteps.userVerifiesText(java.lang.String)">
                <span>And User verifies "System Users" Text</span>
      <div>
      </div>
              </div>
              <div class="step pass-bg" title="com.orangehrmlive.demo.steps.AddUserTestSteps.userEntersusername(java.lang.String)">
                <span>And User enters username "Admin"</span>
      <div>
      </div>
              </div>
              <div class="step pass-bg" title="com.orangehrmlive.demo.steps.AddUserTestSteps.userClicksOnSearchButton()">
                <span>Then User clicks on search button</span>
      <div>
      </div>
              </div>
              <div class="step pass-bg" title="AFTER">
                <span>com.orangehrmlive.demo.steps.Hooks.tearDown(io.cucumber.java.Scenario)</span>
      <div>Search the user created
          <div class="row mb-3"><div class="col-md-3">
<img data-featherlight='../screenshots/embedded6.png' src="../screenshots/embedded6.png">
    
    </div></div>
</div>
      <div>
      </div>
              </div>
          </div>
        </div>
  </div>
  <div class="card">
    <div class="card-header" role="tab">
      <div class="card-title">
        <div class="node" id="80"><span class="badge log fail-bg mr-2">Fail</span>Admin should be able to delete the user successfully</div>
      </div>
    </div>
        <div class="">
          <div class="card-body">
              <div class="step pass-bg" title="com.orangehrmlive.demo.steps.AddUserTestSteps.userEntersUsername(java.lang.String)">
                <span>When User enters Username "Admin"</span>
      <div>
      </div>
              </div>
              <div class="step pass-bg" title="com.orangehrmlive.demo.steps.AddUserTestSteps.userEntersPassword(java.lang.String)">
                <span>And User enters password "admin123"</span>
      <div>
      </div>
              </div>
              <div class="step pass-bg" title="com.orangehrmlive.demo.steps.AddUserTestSteps.userClicksOnLoginButton()">
                <span>Then User clicks on login button</span>
      <div>
      </div>
              </div>
              <div class="step pass-bg" title="com.orangehrmlive.demo.steps.AddUserTestSteps.userClicksOnAdminTab()">
                <span>When User clicks on Admin tab</span>
      <div>
      </div>
              </div>
              <div class="step pass-bg" title="com.orangehrmlive.demo.steps.AddUserTestSteps.userVerifiesText(java.lang.String)">
                <span>And User verifies "System Users" Text</span>
      <div>
      </div>
              </div>
              <div class="step pass-bg" title="com.orangehrmlive.demo.steps.AddUserTestSteps.userClicksOnAddButton()">
                <span>And User clicks on add button</span>
      <div>
      </div>
              </div>
              <div class="step pass-bg" title="com.orangehrmlive.demo.steps.AddUserTestSteps.userVerifyText(java.lang.String)">
                <span>Then User verify Text "Add User"</span>
      <div>
      </div>
              </div>
              <div class="step pass-bg" title="com.orangehrmlive.demo.steps.AddUserTestSteps.userSelectUserRole(java.lang.String)">
                <span>Then User Select User Role "Admin"</span>
      <div>
      </div>
              </div>
              <div class="step pass-bg" title="com.orangehrmlive.demo.steps.AddUserTestSteps.userEntersEmployeeName(java.lang.String)">
                <span>And User enters employee name "Lisa  Andrews"</span>
      <div>
      </div>
              </div>
              <div class="step pass-bg" title="com.orangehrmlive.demo.steps.AddUserTestSteps.userEntersPassword()">
                <span>And User enters password</span>
      <div>
      </div>
              </div>
              <div class="step pass-bg" title="com.orangehrmlive.demo.steps.AddUserTestSteps.userEntersConfirmPassword()">
                <span>And User enters confirm password</span>
      <div>
      </div>
              </div>
              <div class="step pass-bg" title="com.orangehrmlive.demo.steps.AddUserTestSteps.userClicksOnSaveButton()">
                <span>Then User clicks on save button</span>
      <div>
      </div>
              </div>
              <div class="step pass-bg" title="com.orangehrmlive.demo.steps.AddUserTestSteps.userEntersusername(java.lang.String)">
                <span>And User enters username "Admin"</span>
      <div>
      </div>
              </div>
              <div class="step fail-bg" title="com.orangehrmlive.demo.steps.AddUserTestSteps.userClicksOnSearchButton()">
                <span>Then User clicks on search button</span>
      <div>
        <textarea disabled class="code-block">org.openqa.selenium.NoSuchElementException: Unable to find element with locator By.xpath: //button[normalize-space()='Search']
For documentation on this error, please visit: https://www.selenium.dev/documentation/webdriver/troubleshooting/errors#no-such-element-exception
Build info: version: '4.15.0', revision: '1d14b5521b'
System info: os.name: 'Windows 11', os.arch: 'amd64', os.version: '10.0', java.version: '17.0.8'
Driver info: driver.version: RemoteWebDriver
	at org.openqa.selenium.remote.ElementLocation$ElementFinder$2.findElement(ElementLocation.java:168)
	at org.openqa.selenium.remote.ElementLocation.findElement(ElementLocation.java:59)
	at org.openqa.selenium.remote.RemoteWebDriver.findElement(RemoteWebDriver.java:364)
	at org.openqa.selenium.remote.RemoteWebDriver.findElement(RemoteWebDriver.java:358)
	at org.openqa.selenium.support.pagefactory.DefaultElementLocator.findElement(DefaultElementLocator.java:68)
	at org.openqa.selenium.support.pagefactory.internal.LocatingElementHandler.invoke(LocatingElementHandler.java:38)
	at jdk.proxy2/jdk.proxy2.$Proxy29.click(Unknown Source)
	at com.orangehrmlive.demo.utility.Utility.clickOnElement(Utility.java:49)
	at com.orangehrmlive.demo.pages.ViewSystemUsersPage.clickOnSearchButton(ViewSystemUsersPage.java:96)
	at com.orangehrmlive.demo.steps.AddUserTestSteps.userClicksOnSearchButton(AddUserTestSteps.java:106)
	at ✽.User clicks on search button(file:///C:/Users/mahak/IdeaProjects/sw6-orange-hrm/src/test/resources/features/UserTest.feature:80)
</textarea>
      
      </div>
              </div>
              <div class="step skip-bg" title="com.orangehrmlive.demo.steps.AddUserTestSteps.userClicksOnDeleteButton()">
                <span>Then User clicks on delete button</span>
      <div>Step skipped
      </div>
              </div>
              <div class="step skip-bg" title="com.orangehrmlive.demo.steps.AddUserTestSteps.userClicksOnYesPopUpDeleteButton()">
                <span>And User clicks on yes pop up delete button</span>
      <div>Step skipped
      </div>
              </div>
              <div class="step fail-bg" title="AFTER">
                <span>com.orangehrmlive.demo.steps.Hooks.tearDown(io.cucumber.java.Scenario)</span>
      <div>
        <textarea disabled class="code-block">org.openqa.selenium.NoSuchWindowException: no such window: target window already closed
from unknown error: web view not found
  (Session info: chrome=120.0.6099.72)
Build info: version: '4.15.0', revision: '1d14b5521b'
System info: os.name: 'Windows 11', os.arch: 'amd64', os.version: '10.0', java.version: '17.0.8'
Driver info: org.openqa.selenium.chrome.ChromeDriver
Command: [40807ef1346b781397c229540c25193e, screenshot {}]
Capabilities {acceptInsecureCerts: false, browserName: chrome, browserVersion: 120.0.6099.72, chrome: {chromedriverVersion: 120.0.6099.71 (9729082fe617..., userDataDir: C:\Users\mahak\AppData\Loca...}, fedcm:accounts: true, goog:chromeOptions: {debuggerAddress: localhost:62515}, networkConnectionEnabled: false, pageLoadStrategy: normal, platformName: windows, proxy: Proxy(), se:cdp: ws://localhost:62515/devtoo..., se:cdpVersion: 120.0.6099.72, setWindowRect: true, strictFileInteractability: false, timeouts: {implicit: 0, pageLoad: 300000, script: 30000}, unhandledPromptBehavior: dismiss and notify, webauthn:extension:credBlob: true, webauthn:extension:largeBlob: true, webauthn:extension:minPinLength: true, webauthn:extension:prf: true, webauthn:virtualAuthenticators: true}
Session ID: 40807ef1346b781397c229540c25193e
	at java.base/jdk.internal.reflect.NativeConstructorAccessorImpl.newInstance0(Native Method)
	at java.base/jdk.internal.reflect.NativeConstructorAccessorImpl.newInstance(NativeConstructorAccessorImpl.java:77)
	at java.base/jdk.internal.reflect.DelegatingConstructorAccessorImpl.newInstance(DelegatingConstructorAccessorImpl.java:45)
	at java.base/java.lang.reflect.Constructor.newInstanceWithCaller(Constructor.java:499)
	at java.base/java.lang.reflect.Constructor.newInstance(Constructor.java:480)
	at org.openqa.selenium.remote.codec.w3c.W3CHttpResponseCodec.createException(W3CHttpResponseCodec.java:200)
	at org.openqa.selenium.remote.codec.w3c.W3CHttpResponseCodec.decode(W3CHttpResponseCodec.java:133)
	at org.openqa.selenium.remote.codec.w3c.W3CHttpResponseCodec.decode(W3CHttpResponseCodec.java:52)
	at org.openqa.selenium.remote.HttpCommandExecutor.execute(HttpCommandExecutor.java:191)
	at org.openqa.selenium.remote.service.DriverCommandExecutor.invokeExecute(DriverCommandExecutor.java:200)
	at org.openqa.selenium.remote.service.DriverCommandExecutor.execute(DriverCommandExecutor.java:175)
	at org.openqa.selenium.remote.RemoteWebDriver.execute(RemoteWebDriver.java:607)
	at org.openqa.selenium.remote.RemoteWebDriver.execute(RemoteWebDriver.java:680)
	at org.openqa.selenium.remote.RemoteWebDriver.execute(RemoteWebDriver.java:684)
	at org.openqa.selenium.remote.RemoteWebDriver.getScreenshotAs(RemoteWebDriver.java:330)
	at com.orangehrmlive.demo.utility.Utility.getScreenShot(Utility.java:350)
	at com.orangehrmlive.demo.steps.Hooks.tearDown(Hooks.java:19)
</textarea>
      
      </div>
              </div>
          </div>
        </div>
  </div>
</div>
          </div>
        </li>
      </ul>
    </div>
  </div>
<div class="test-content scrollable">
<div class="test-content-tools">
<ul><li><a class="back-to-test" href="#"><i class="fa fa-arrow-left"></i></a></li></ul>
</div>
<div class="test-content-detail"><div class="detail-body"></div></div>
</div></div>
<div class="test-wrapper row view category-view attributes-view">
<div class="test-list">
<div class="test-list-tools">
<ul class="tools pull-left"><li><a href=""><span class="font-size-14">Category</span></a></li></ul>
<ul class="tools text-right"><li><a href="#"><span class="badge badge-primary">4</span></a></li></ul>
</div>
<div class="test-list-wrapper scrollable">
<ul class="test-list-item">
<li class="test-item">
<div class="test-detail">
<span class="meta">
<span class='badge log pass-bg'>2</span>
<span class='badge log badge-danger'>7</span>
</span>
<p class="name">@Mahak</p>
<p class="duration text-sm">9 tests</p>
</div>
<div class="test-contents d-none">
<div class="info">
<h4>@Mahak</h4>
<span status="pass" class='badge log pass-bg'>2 passed</span>
<span status="fail" class='badge log badge-danger'>7 failed</span>
</div>
<table class='table table-sm mt-4'>
<thead>
<tr>
<th class="status-col">Status</th>
<th class="timestamp-col">Timestamp</th>
<th>TestName</th>
</tr>
</thead>
<tbody>
<tr class="tag-test-status" status="fail">
<td><span class="badge log fail-bg">Fail</span></td>
<td>20:28:47 pm</td>
<td>
<a href="#" class="linked" test-id='1' id='3'>User should be able to see error message when logging in using invalid credentials</a>
<div class="">
<span class="badge badge-default">user should be able to verify.User should be able to see error message when logging in using invalid credentials</span>
</div>
</td>
</tr>
<tr class="tag-test-status" status="fail">
<td><span class="badge log fail-bg">Fail</span></td>
<td>20:28:52 pm</td>
<td>
<a href="#" class="linked" test-id='1' id='11'>User should be able to see error message when logging in using invalid credentials</a>
<div class="">
<span class="badge badge-default">user should be able to verify.User should be able to see error message when logging in using invalid credentials</span>
</div>
</td>
</tr>
<tr class="tag-test-status" status="fail">
<td><span class="badge log fail-bg">Fail</span></td>
<td>20:28:57 pm</td>
<td>
<a href="#" class="linked" test-id='1' id='19'>User should be able to see error message when logging in using invalid credentials</a>
<div class="">
<span class="badge badge-default">user should be able to verify.User should be able to see error message when logging in using invalid credentials</span>
</div>
</td>
</tr>
<tr class="tag-test-status" status="pass">
<td><span class="badge log pass-bg">Pass</span></td>
<td>20:29:01 pm</td>
<td>
<a href="#" class="linked" test-id='27' id='28'>User should be able to login successfully</a>
<div class="">
<span class="badge badge-default">Add User Test feature.User should be able to login successfully</span>
</div>
</td>
</tr>
<tr class="tag-test-status" status="fail">
<td><span class="badge log fail-bg">Fail</span></td>
<td>20:29:07 pm</td>
<td>
<a href="#" class="linked" test-id='27' id='35'>User should be able to verify Logo display on homepage</a>
<div class="">
<span class="badge badge-default">Add User Test feature.User should be able to verify Logo display on homepage</span>
</div>
</td>
</tr>
<tr class="tag-test-status" status="fail">
<td><span class="badge log fail-bg">Fail</span></td>
<td>20:29:29 pm</td>
<td>
<a href="#" class="linked" test-id='27' id='42'>User should be able to logout successfully</a>
<div class="">
<span class="badge badge-default">Add User Test feature.User should be able to logout successfully</span>
</div>
</td>
</tr>
<tr class="tag-test-status" status="fail">
<td><span class="badge log fail-bg">Fail</span></td>
<td>20:29:44 pm</td>
<td>
<a href="#" class="linked" test-id='51' id='52'>Admin should add user successfully</a>
<div class="">
<span class="badge badge-default">Add User Test feature.Admin should add user successfully</span>
</div>
</td>
</tr>
<tr class="tag-test-status" status="pass">
<td><span class="badge log pass-bg">Pass</span></td>
<td>20:30:14 pm</td>
<td>
<a href="#" class="linked" test-id='51' id='70'>Search the user created</a>
<div class="">
<span class="badge badge-default">Add User Test feature.Search the user created</span>
</div>
</td>
</tr>
<tr class="tag-test-status" status="fail">
<td><span class="badge log fail-bg">Fail</span></td>
<td>20:30:23 pm</td>
<td>
<a href="#" class="linked" test-id='51' id='80'>Admin should be able to delete the user successfully</a>
<div class="">
<span class="badge badge-default">Add User Test feature.Admin should be able to delete the user successfully</span>
</div>
</td>
</tr>
</tbody>
</table>
</div>
</li>
<li class="test-item">
<div class="test-detail">
<span class="meta">
<span class='badge log pass-bg'>2</span>
<span class='badge log badge-danger'>7</span>
</span>
<p class="name">@regression</p>
<p class="duration text-sm">9 tests</p>
</div>
<div class="test-contents d-none">
<div class="info">
<h4>@regression</h4>
<span status="pass" class='badge log pass-bg'>2 passed</span>
<span status="fail" class='badge log badge-danger'>7 failed</span>
</div>
<table class='table table-sm mt-4'>
<thead>
<tr>
<th class="status-col">Status</th>
<th class="timestamp-col">Timestamp</th>
<th>TestName</th>
</tr>
</thead>
<tbody>
<tr class="tag-test-status" status="fail">
<td><span class="badge log fail-bg">Fail</span></td>
<td>20:28:47 pm</td>
<td>
<a href="#" class="linked" test-id='1' id='3'>User should be able to see error message when logging in using invalid credentials</a>
<div class="">
<span class="badge badge-default">user should be able to verify.User should be able to see error message when logging in using invalid credentials</span>
</div>
</td>
</tr>
<tr class="tag-test-status" status="fail">
<td><span class="badge log fail-bg">Fail</span></td>
<td>20:28:52 pm</td>
<td>
<a href="#" class="linked" test-id='1' id='11'>User should be able to see error message when logging in using invalid credentials</a>
<div class="">
<span class="badge badge-default">user should be able to verify.User should be able to see error message when logging in using invalid credentials</span>
</div>
</td>
</tr>
<tr class="tag-test-status" status="fail">
<td><span class="badge log fail-bg">Fail</span></td>
<td>20:28:57 pm</td>
<td>
<a href="#" class="linked" test-id='1' id='19'>User should be able to see error message when logging in using invalid credentials</a>
<div class="">
<span class="badge badge-default">user should be able to verify.User should be able to see error message when logging in using invalid credentials</span>
</div>
</td>
</tr>
<tr class="tag-test-status" status="pass">
<td><span class="badge log pass-bg">Pass</span></td>
<td>20:29:01 pm</td>
<td>
<a href="#" class="linked" test-id='27' id='28'>User should be able to login successfully</a>
<div class="">
<span class="badge badge-default">Add User Test feature.User should be able to login successfully</span>
</div>
</td>
</tr>
<tr class="tag-test-status" status="fail">
<td><span class="badge log fail-bg">Fail</span></td>
<td>20:29:07 pm</td>
<td>
<a href="#" class="linked" test-id='27' id='35'>User should be able to verify Logo display on homepage</a>
<div class="">
<span class="badge badge-default">Add User Test feature.User should be able to verify Logo display on homepage</span>
</div>
</td>
</tr>
<tr class="tag-test-status" status="fail">
<td><span class="badge log fail-bg">Fail</span></td>
<td>20:29:29 pm</td>
<td>
<a href="#" class="linked" test-id='27' id='42'>User should be able to logout successfully</a>
<div class="">
<span class="badge badge-default">Add User Test feature.User should be able to logout successfully</span>
</div>
</td>
</tr>
<tr class="tag-test-status" status="fail">
<td><span class="badge log fail-bg">Fail</span></td>
<td>20:29:44 pm</td>
<td>
<a href="#" class="linked" test-id='51' id='52'>Admin should add user successfully</a>
<div class="">
<span class="badge badge-default">Add User Test feature.Admin should add user successfully</span>
</div>
</td>
</tr>
<tr class="tag-test-status" status="pass">
<td><span class="badge log pass-bg">Pass</span></td>
<td>20:30:14 pm</td>
<td>
<a href="#" class="linked" test-id='51' id='70'>Search the user created</a>
<div class="">
<span class="badge badge-default">Add User Test feature.Search the user created</span>
</div>
</td>
</tr>
<tr class="tag-test-status" status="fail">
<td><span class="badge log fail-bg">Fail</span></td>
<td>20:30:23 pm</td>
<td>
<a href="#" class="linked" test-id='51' id='80'>Admin should be able to delete the user successfully</a>
<div class="">
<span class="badge badge-default">Add User Test feature.Admin should be able to delete the user successfully</span>
</div>
</td>
</tr>
</tbody>
</table>
</div>
</li>
<li class="test-item">
<div class="test-detail">
<span class="meta">
<span class='badge log pass-bg'>2</span>
<span class='badge log badge-danger'>2</span>
</span>
<p class="name">@smoke</p>
<p class="duration text-sm">4 tests</p>
</div>
<div class="test-contents d-none">
<div class="info">
<h4>@smoke</h4>
<span status="pass" class='badge log pass-bg'>2 passed</span>
<span status="fail" class='badge log badge-danger'>2 failed</span>
</div>
<table class='table table-sm mt-4'>
<thead>
<tr>
<th class="status-col">Status</th>
<th class="timestamp-col">Timestamp</th>
<th>TestName</th>
</tr>
</thead>
<tbody>
<tr class="tag-test-status" status="pass">
<td><span class="badge log pass-bg">Pass</span></td>
<td>20:29:01 pm</td>
<td>
<a href="#" class="linked" test-id='27' id='28'>User should be able to login successfully</a>
<div class="">
<span class="badge badge-default">Add User Test feature.User should be able to login successfully</span>
</div>
</td>
</tr>
<tr class="tag-test-status" status="fail">
<td><span class="badge log fail-bg">Fail</span></td>
<td>20:29:07 pm</td>
<td>
<a href="#" class="linked" test-id='27' id='35'>User should be able to verify Logo display on homepage</a>
<div class="">
<span class="badge badge-default">Add User Test feature.User should be able to verify Logo display on homepage</span>
</div>
</td>
</tr>
<tr class="tag-test-status" status="fail">
<td><span class="badge log fail-bg">Fail</span></td>
<td>20:29:44 pm</td>
<td>
<a href="#" class="linked" test-id='51' id='52'>Admin should add user successfully</a>
<div class="">
<span class="badge badge-default">Add User Test feature.Admin should add user successfully</span>
</div>
</td>
</tr>
<tr class="tag-test-status" status="pass">
<td><span class="badge log pass-bg">Pass</span></td>
<td>20:30:14 pm</td>
<td>
<a href="#" class="linked" test-id='51' id='70'>Search the user created</a>
<div class="">
<span class="badge badge-default">Add User Test feature.Search the user created</span>
</div>
</td>
</tr>
</tbody>
</table>
</div>
</li>
<li class="test-item">
<div class="test-detail">
<span class="meta">
<span class='badge log pass-bg'>1</span>
<span class='badge log badge-danger'>1</span>
</span>
<p class="name">@sanity</p>
<p class="duration text-sm">2 tests</p>
</div>
<div class="test-contents d-none">
<div class="info">
<h4>@sanity</h4>
<span status="pass" class='badge log pass-bg'>1 passed</span>
<span status="fail" class='badge log badge-danger'>1 failed</span>
</div>
<table class='table table-sm mt-4'>
<thead>
<tr>
<th class="status-col">Status</th>
<th class="timestamp-col">Timestamp</th>
<th>TestName</th>
</tr>
</thead>
<tbody>
<tr class="tag-test-status" status="pass">
<td><span class="badge log pass-bg">Pass</span></td>
<td>20:29:01 pm</td>
<td>
<a href="#" class="linked" test-id='27' id='28'>User should be able to login successfully</a>
<div class="">
<span class="badge badge-default">Add User Test feature.User should be able to login successfully</span>
</div>
</td>
</tr>
<tr class="tag-test-status" status="fail">
<td><span class="badge log fail-bg">Fail</span></td>
<td>20:29:44 pm</td>
<td>
<a href="#" class="linked" test-id='51' id='52'>Admin should add user successfully</a>
<div class="">
<span class="badge badge-default">Add User Test feature.Admin should add user successfully</span>
</div>
</td>
</tr>
</tbody>
</table>
</div>
</li>
</ul>
</div>
</div>
<div class="test-content scrollable">
<div class="test-content-detail">
<div class="detail-body"></div>
</div>
</div>
</div><div class="test-wrapper row view exception-view attributes-view">
<div class="test-list">
<div class="test-list-tools">
<ul class="tools pull-left"><li><a href=""><span class="font-size-14">Exception</span></a></li></ul>
<ul class="tools text-right"><li><a href="#"><span class="badge badge-primary">3</span></a></li></ul>
</div>
<div class="test-list-wrapper scrollable">
<ul class="test-list-item">
<li class="test-item">
<div class="test-detail">
<span class="meta">
<span class='badge log badge-danger'>3</span>
</span>
<p class="name">org.openqa.selenium.NoSuchWindowException</p>
<p class="duration text-sm">3 tests</p>
</div>
<div class="test-contents d-none">
<div class="info">
<h4>org.openqa.selenium.NoSuchWindowException</h4>
<span status="fail" class='badge log badge-danger'>3 failed</span>
</div>
<table class='table table-sm mt-4'>
<thead>
<tr>
<th class="status-col">Status</th>
<th class="timestamp-col">Timestamp</th>
<th>TestName</th>
</tr>
</thead>
<tbody>
<tr class="tag-test-status" status="fail">
<td><span class="badge log fail-bg">Fail</span></td>
<td>20:29:29 pm</td>
<td>
<a href="#" class="linked" test-id='27' id='41'>com.orangehrmlive.demo.steps.Hooks.tearDown(io.cucumber.java.Scenario)</a>
<div class="">
<span class="badge badge-default">Add User Test feature.User should be able to verify Logo display on homepage.com.orangehrmlive.demo.steps.Hooks.tearDown(io.cucumber.java.Scenario)</span>
</div>
</td>
</tr>
<tr class="tag-test-status" status="fail">
<td><span class="badge log fail-bg">Fail</span></td>
<td>20:29:44 pm</td>
<td>
<a href="#" class="linked" test-id='27' id='50'>com.orangehrmlive.demo.steps.Hooks.tearDown(io.cucumber.java.Scenario)</a>
<div class="">
<span class="badge badge-default">Add User Test feature.User should be able to logout successfully.com.orangehrmlive.demo.steps.Hooks.tearDown(io.cucumber.java.Scenario)</span>
</div>
</td>
</tr>
<tr class="tag-test-status" status="fail">
<td><span class="badge log fail-bg">Fail</span></td>
<td>20:30:43 pm</td>
<td>
<a href="#" class="linked" test-id='51' id='98'>com.orangehrmlive.demo.steps.Hooks.tearDown(io.cucumber.java.Scenario)</a>
<div class="">
<span class="badge badge-default">Add User Test feature.Admin should be able to delete the user successfully.com.orangehrmlive.demo.steps.Hooks.tearDown(io.cucumber.java.Scenario)</span>
</div>
</td>
</tr>
</tbody>
</table>
</div>
</li>
<li class="test-item">
<div class="test-detail">
<span class="meta">
<span class='badge log badge-danger'>4</span>
</span>
<p class="name">org.openqa.selenium.NoSuchElementException</p>
<p class="duration text-sm">4 tests</p>
</div>
<div class="test-contents d-none">
<div class="info">
<h4>org.openqa.selenium.NoSuchElementException</h4>
<span status="fail" class='badge log badge-danger'>4 failed</span>
</div>
<table class='table table-sm mt-4'>
<thead>
<tr>
<th class="status-col">Status</th>
<th class="timestamp-col">Timestamp</th>
<th>TestName</th>
</tr>
</thead>
<tbody>
<tr class="tag-test-status" status="fail">
<td><span class="badge log fail-bg">Fail</span></td>
<td>20:29:14 pm</td>
<td>
<a href="#" class="linked" test-id='27' id='40'>And Verify logo is displayed</a>
<div class="">
<span class="badge badge-default">Add User Test feature.User should be able to verify Logo display on homepage.And Verify logo is displayed</span>
</div>
</td>
</tr>
<tr class="tag-test-status" status="fail">
<td><span class="badge log fail-bg">Fail</span></td>
<td>20:29:35 pm</td>
<td>
<a href="#" class="linked" test-id='27' id='49'>And User verifies "Login" text is displayed</a>
<div class="">
<span class="badge badge-default">Add User Test feature.User should be able to logout successfully.And User verifies "Login" text is displayed</span>
</div>
</td>
</tr>
<tr class="tag-test-status" status="fail">
<td><span class="badge log fail-bg">Fail</span></td>
<td>20:29:54 pm</td>
<td>
<a href="#" class="linked" test-id='51' id='64'>And User enters Username "username"</a>
<div class="">
<span class="badge badge-default">Add User Test feature.Admin should add user successfully.And User enters Username "username"</span>
</div>
</td>
</tr>
<tr class="tag-test-status" status="fail">
<td><span class="badge log fail-bg">Fail</span></td>
<td>20:30:33 pm</td>
<td>
<a href="#" class="linked" test-id='51' id='95'>Then User clicks on search button</a>
<div class="">
<span class="badge badge-default">Add User Test feature.Admin should be able to delete the user successfully.Then User clicks on search button</span>
</div>
</td>
</tr>
</tbody>
</table>
</div>
</li>
<li class="test-item">
<div class="test-detail">
<span class="meta">
<span class='badge log badge-danger'>3</span>
</span>
<p class="name">org.openqa.selenium.InvalidSelectorException</p>
<p class="duration text-sm">3 tests</p>
</div>
<div class="test-contents d-none">
<div class="info">
<h4>org.openqa.selenium.InvalidSelectorException</h4>
<span status="fail" class='badge log badge-danger'>3 failed</span>
</div>
<table class='table table-sm mt-4'>
<thead>
<tr>
<th class="status-col">Status</th>
<th class="timestamp-col">Timestamp</th>
<th>TestName</th>
</tr>
</thead>
<tbody>
<tr class="tag-test-status" status="fail">
<td><span class="badge log fail-bg">Fail</span></td>
<td>20:28:52 pm</td>
<td>
<a href="#" class="linked" test-id='1' id='9'>Then User verifies error Text "Required"</a>
<div class="">
<span class="badge badge-default">user should be able to verify.User should be able to see error message when logging in using invalid credentials.Then User verifies error Text "Required"</span>
</div>
</td>
</tr>
<tr class="tag-test-status" status="fail">
<td><span class="badge log fail-bg">Fail</span></td>
<td>20:28:56 pm</td>
<td>
<a href="#" class="linked" test-id='1' id='17'>Then User verifies error Text "Required"</a>
<div class="">
<span class="badge badge-default">user should be able to verify.User should be able to see error message when logging in using invalid credentials.Then User verifies error Text "Required"</span>
</div>
</td>
</tr>
<tr class="tag-test-status" status="fail">
<td><span class="badge log fail-bg">Fail</span></td>
<td>20:29:01 pm</td>
<td>
<a href="#" class="linked" test-id='1' id='25'>Then User verifies error Text "Required"</a>
<div class="">
<span class="badge badge-default">user should be able to verify.User should be able to see error message when logging in using invalid credentials.Then User verifies error Text "Required"</span>
</div>
</td>
</tr>
</tbody>
</table>
</div>
</li>
</ul>
</div>
</div>
<div class="test-content scrollable">
<div class="test-content-detail">
<div class="detail-body"></div>
</div>
</div>
</div>        </div>
      </div>
    </div>
  </div>
<script src="https://cdn.jsdelivr.net/gh/extent-framework/extent-github-cdn@d6562a79075e061305ccfdb82f01e5e195e2d307/spark/js/spark-script.js"></script>
<script type="text/javascript"></script></body>
</html>